<?xml version="1.0" encoding="UTF-8"?>
<!-- Generated by org.testng.reporters.JUnitXMLReporter -->
<testsuite ignored="5" hostname="BIMWize3" failures="1" tests="1" name="Default test" time="0.401" errors="0" timestamp="05 Jun 2022 13:38:05 GMT">
  <testcase classname="test.LoginValidations" name="validUNandValidPassword" time="0.0">
    <failure type="org.testng.TestNGException" message="
Parameter &amp;apos;validemail&amp;apos; is required by @Test on method validUNandValidPassword but has not been marked @Optional or defined
in C:\Users\pc\AppData\Local\Temp\testng-eclipse--1790675395\testng-customsuite.xml">
      <![CDATA[org.testng.TestNGException: 
Parameter 'validemail' is required by @Test on method validUNandValidPassword but has not been marked @Optional or defined
in C:\Users\pc\AppData\Local\Temp\testng-eclipse--1790675395\testng-customsuite.xml
at org.testng.internal.Parameters.createParams(Parameters.java:290)
at org.testng.internal.Parameters.createParametersForMethod(Parameters.java:359)
at org.testng.internal.Parameters.createParameters(Parameters.java:620)
at org.testng.internal.Parameters.handleParameters(Parameters.java:769)
at org.testng.internal.ParameterHandler.handleParameters(ParameterHandler.java:49)
at org.testng.internal.ParameterHandler.createParameters(ParameterHandler.java:37)
at org.testng.internal.Invoker.invokeTestMethods(Invoker.java:924)
at org.testng.internal.TestMethodWorker.invokeTestMethods(TestMethodWorker.java:125)
at org.testng.internal.TestMethodWorker.run(TestMethodWorker.java:109)
at org.testng.TestRunner.privateRun(TestRunner.java:648)
at org.testng.TestRunner.run(TestRunner.java:505)
at org.testng.SuiteRunner.runTest(SuiteRunner.java:455)
at org.testng.SuiteRunner.runSequentially(SuiteRunner.java:450)
at org.testng.SuiteRunner.privateRun(SuiteRunner.java:415)
at org.testng.SuiteRunner.run(SuiteRunner.java:364)
at org.testng.SuiteRunnerWorker.runSuite(SuiteRunnerWorker.java:52)
at org.testng.SuiteRunnerWorker.run(SuiteRunnerWorker.java:84)
at org.testng.TestNG.runSuitesSequentially(TestNG.java:1208)
at org.testng.TestNG.runSuitesLocally(TestNG.java:1137)
at org.testng.TestNG.runSuites(TestNG.java:1049)
at org.testng.TestNG.run(TestNG.java:1017)
at org.testng.remote.AbstractRemoteTestNG.run(AbstractRemoteTestNG.java:115)
at org.testng.remote.RemoteTestNG.initAndRun(RemoteTestNG.java:251)
at org.testng.remote.RemoteTestNG.main(RemoteTestNG.java:77)
]]>
    </failure>
  </testcase> <!-- validUNandValidPassword -->
  <testcase classname="test.LaunchMethod" name="test" time="0.0">
    <ignored/>
  </testcase> <!-- test -->
  <testcase classname="test.LoginValidations" name="alidateloginclick" time="0.0">
    <ignored/>
  </testcase> <!-- alidateloginclick -->
  <testcase classname="test.LoginValidations" name="invalidUNandValidPassword" time="0.0">
    <ignored/>
  </testcase> <!-- invalidUNandValidPassword -->
  <testcase classname="test.LoginValidations" name="invalidUNandinValidPassword" time="0.0">
    <ignored/>
  </testcase> <!-- invalidUNandinValidPassword -->
  <testcase classname="test.LoginValidations" name="validUNandinValidPassword" time="0.0">
    <ignored/>
  </testcase> <!-- validUNandinValidPassword -->
</testsuite> <!-- Default test -->
