<?xml version="1.0" encoding="UTF-8"?>
<!-- Generated by org.testng.reporters.JUnitXMLReporter -->
<testsuite ignored="2" hostname="BIMWize3" failures="1" tests="7" name="ChromeTest" time="24.879" errors="0" timestamp="18 Jun 2022 12:49:02 GMT">
  <testcase classname="test.LoginValidations" name="validUNandValidPassword" time="0.332"/>
  <testcase classname="test.LoginValidations" name="invalidUNandValidPassword" time="0.185"/>
  <testcase classname="test.LoginValidations" name="invalidUNandinValidPassword" time="0.181"/>
  <testcase classname="test.LoginValidations" name="validUNandinValidPassword" time="0.187"/>
  <testcase classname="test.LoginValidations" name="alidateloginclick" time="0.083"/>
  <testcase classname="test.Landingvalidation" name="validatetitle" time="20.947"/>
  <testcase classname="test.Landingvalidation" name="validateurl" time="0.009">
    <failure type="java.lang.AssertionError" message="This is not correct url expected [true] but found [false]">
      <![CDATA[java.lang.AssertionError: This is not correct url expected [true] but found [false]
at test.Landingvalidation.validateurl(Landingvalidation.java:37)
... Removed 28 stack frames]]>
    </failure>
  </testcase> <!-- validateurl -->
  <testcase classname="test.LaunchMethod" name="@AfterSuite afterTest" time="0.0">
    <ignored/>
  </testcase> <!-- @AfterSuite afterTest -->
  <testcase classname="test.LaunchMethod" name="@BeforeTest beforeTest" time="0.0">
    <ignored/>
  </testcase> <!-- @BeforeTest beforeTest -->
</testsuite> <!-- ChromeTest -->
