<?xml version="1.0" encoding="UTF-8"?>
<testng-results ignored="9" total="18" passed="8" failed="1" skipped="0">
  <reporter-output>
  </reporter-output>
  <suite started-at="2022-06-18T12:48:37Z" name="Suite" finished-at="2022-06-18T12:49:07Z" duration-ms="29801">
    <groups>
      <group name="Sanity">
        <method signature="LoginValidations.invalidUNandValidPassword(java.lang.String, java.lang.String)[pri:0, instance:test.LoginValidations@4b013c76]" name="invalidUNandValidPassword" class="test.LoginValidations"/>
        <method signature="LoginValidations.validUNandinValidPassword(java.lang.String, java.lang.String)[pri:0, instance:test.LoginValidations@4b013c76]" name="validUNandinValidPassword" class="test.LoginValidations"/>
      </group> <!-- Sanity -->
      <group name="Regression">
        <method signature="Landingvalidation.validateurl()[pri:0, instance:test.Landingvalidation@7bba5817]" name="validateurl" class="test.Landingvalidation"/>
        <method signature="LoginValidations.invalidUNandValidPassword(java.lang.String, java.lang.String)[pri:0, instance:test.LoginValidations@4b013c76]" name="invalidUNandValidPassword" class="test.LoginValidations"/>
        <method signature="LoginValidations.invalidUNandinValidPassword(java.lang.String, java.lang.String)[pri:0, instance:test.LoginValidations@4b013c76]" name="invalidUNandinValidPassword" class="test.LoginValidations"/>
        <method signature="Landingvalidation.validateurl()[pri:0, instance:test.Landingvalidation@1750fbeb]" name="validateurl" class="test.Landingvalidation"/>
        <method signature="LoginValidations.invalidUNandinValidPassword(java.lang.String, java.lang.String)[pri:0, instance:test.LoginValidations@cecf639]" name="invalidUNandinValidPassword" class="test.LoginValidations"/>
      </group> <!-- Regression -->
      <group name="SIT">
        <method signature="LoginValidations.validUNandinValidPassword(java.lang.String, java.lang.String)[pri:0, instance:test.LoginValidations@4b013c76]" name="validUNandinValidPassword" class="test.LoginValidations"/>
      </group> <!-- SIT -->
    </groups>
    <test started-at="2022-06-18T12:48:37Z" name="ChromeTest" finished-at="2022-06-18T12:49:02Z" duration-ms="24879">
      <class name="test.LoginValidations">
        <test-method is-config="true" signature="beforeTest(java.lang.String, java.lang.String)[pri:0, instance:test.LoginValidations@4b013c76]" started-at="2022-06-18T12:48:37Z" name="beforeTest" finished-at="2022-06-18T12:48:40Z" duration-ms="2852" status="PASS">
          <params>
            <param index="0">
              <value>
                <![CDATA[chrome]]>
              </value>
            </param>
            <param index="1">
              <value>
                <![CDATA[https://www.facebook.com/]]>
              </value>
            </param>
          </params>
          <reporter-output>
          </reporter-output>
        </test-method> <!-- beforeTest -->
        <test-method is-config="true" signature="beforeclass()[pri:0, instance:test.LoginValidations@4b013c76]" started-at="2022-06-18T12:48:40Z" name="beforeclass" finished-at="2022-06-18T12:48:40Z" duration-ms="52" status="PASS">
          <reporter-output>
          </reporter-output>
        </test-method> <!-- beforeclass -->
        <test-method signature="validUNandValidPassword(java.lang.String, java.lang.String)[pri:0, instance:test.LoginValidations@4b013c76]" started-at="2022-06-18T12:48:40Z" name="validUNandValidPassword" finished-at="2022-06-18T12:48:40Z" duration-ms="332" status="PASS">
          <params>
            <param index="0">
              <value>
                <![CDATA[abc@gamil.com]]>
              </value>
            </param>
            <param index="1">
              <value>
                <![CDATA[test@123]]>
              </value>
            </param>
          </params>
          <reporter-output>
          </reporter-output>
        </test-method> <!-- validUNandValidPassword -->
        <test-method signature="invalidUNandValidPassword(java.lang.String, java.lang.String)[pri:0, instance:test.LoginValidations@4b013c76]" started-at="2022-06-18T12:48:40Z" name="invalidUNandValidPassword" finished-at="2022-06-18T12:48:40Z" duration-ms="185" status="PASS">
          <params>
            <param index="0">
              <value>
                <![CDATA[xyz@gmail.com]]>
              </value>
            </param>
            <param index="1">
              <value>
                <![CDATA[test@123]]>
              </value>
            </param>
          </params>
          <reporter-output>
          </reporter-output>
        </test-method> <!-- invalidUNandValidPassword -->
        <test-method signature="invalidUNandinValidPassword(java.lang.String, java.lang.String)[pri:0, instance:test.LoginValidations@4b013c76]" started-at="2022-06-18T12:48:40Z" name="invalidUNandinValidPassword" finished-at="2022-06-18T12:48:40Z" duration-ms="181" status="PASS">
          <params>
            <param index="0">
              <value>
                <![CDATA[xyz@gmail.com]]>
              </value>
            </param>
            <param index="1">
              <value>
                <![CDATA[yut@345]]>
              </value>
            </param>
          </params>
          <reporter-output>
          </reporter-output>
        </test-method> <!-- invalidUNandinValidPassword -->
        <test-method signature="validUNandinValidPassword(java.lang.String, java.lang.String)[pri:0, instance:test.LoginValidations@4b013c76]" started-at="2022-06-18T12:48:40Z" name="validUNandinValidPassword" finished-at="2022-06-18T12:48:41Z" duration-ms="187" status="PASS">
          <params>
            <param index="0">
              <value>
                <![CDATA[abc@gamil.com]]>
              </value>
            </param>
            <param index="1">
              <value>
                <![CDATA[yut@345]]>
              </value>
            </param>
          </params>
          <reporter-output>
          </reporter-output>
        </test-method> <!-- validUNandinValidPassword -->
        <test-method signature="alidateloginclick()[pri:0, instance:test.LoginValidations@4b013c76]" started-at="2022-06-18T12:48:41Z" name="alidateloginclick" finished-at="2022-06-18T12:48:41Z" depends-on-methods="test.LoginValidations.validUNandValidPassword" duration-ms="83" status="PASS">
          <reporter-output>
          </reporter-output>
        </test-method> <!-- alidateloginclick -->
      </class> <!-- test.LoginValidations -->
      <class name="test.Landingvalidation">
        <test-method is-config="true" signature="calldriver()[pri:0, instance:test.Landingvalidation@7bba5817]" started-at="2022-06-18T12:48:41Z" name="calldriver" finished-at="2022-06-18T12:48:41Z" duration-ms="0" status="PASS">
          <reporter-output>
          </reporter-output>
        </test-method> <!-- calldriver -->
        <test-method signature="validatetitle()[pri:0, instance:test.Landingvalidation@7bba5817]" started-at="2022-06-18T12:48:41Z" name="validatetitle" finished-at="2022-06-18T12:49:02Z" duration-ms="20947" status="PASS">
          <reporter-output>
          </reporter-output>
        </test-method> <!-- validatetitle -->
        <test-method signature="validateurl()[pri:0, instance:test.Landingvalidation@7bba5817]" started-at="2022-06-18T12:49:02Z" name="validateurl" finished-at="2022-06-18T12:49:02Z" duration-ms="9" status="FAIL">
          <exception class="java.lang.AssertionError">
            <message>
              <![CDATA[This is not correct url expected [true] but found [false]]]>
            </message>
            <full-stacktrace>
              <![CDATA[java.lang.AssertionError: This is not correct url expected [true] but found [false]
at org.testng.Assert.fail(Assert.java:96)
at org.testng.Assert.failNotEquals(Assert.java:776)
at org.testng.Assert.assertTrue(Assert.java:44)
at test.Landingvalidation.validateurl(Landingvalidation.java:37)
at java.base/jdk.internal.reflect.NativeMethodAccessorImpl.invoke0(Native Method)
at java.base/jdk.internal.reflect.NativeMethodAccessorImpl.invoke(NativeMethodAccessorImpl.java:78)
at java.base/jdk.internal.reflect.DelegatingMethodAccessorImpl.invoke(DelegatingMethodAccessorImpl.java:43)
at java.base/java.lang.reflect.Method.invoke(Method.java:567)
at org.testng.internal.MethodInvocationHelper.invokeMethod(MethodInvocationHelper.java:124)
at org.testng.internal.Invoker.invokeMethod(Invoker.java:583)
at org.testng.internal.Invoker.invokeTestMethod(Invoker.java:719)
at org.testng.internal.Invoker.invokeTestMethods(Invoker.java:989)
at org.testng.internal.TestMethodWorker.invokeTestMethods(TestMethodWorker.java:125)
at org.testng.internal.TestMethodWorker.run(TestMethodWorker.java:109)
at org.testng.TestRunner.privateRun(TestRunner.java:648)
at org.testng.TestRunner.run(TestRunner.java:505)
at org.testng.SuiteRunner.runTest(SuiteRunner.java:455)
at org.testng.SuiteRunner.runSequentially(SuiteRunner.java:450)
at org.testng.SuiteRunner.privateRun(SuiteRunner.java:415)
at org.testng.SuiteRunner.run(SuiteRunner.java:364)
at org.testng.SuiteRunnerWorker.runSuite(SuiteRunnerWorker.java:52)
at org.testng.SuiteRunnerWorker.run(SuiteRunnerWorker.java:84)
at org.testng.TestNG.runSuitesSequentially(TestNG.java:1208)
at org.testng.TestNG.runSuitesLocally(TestNG.java:1137)
at org.testng.TestNG.runSuites(TestNG.java:1049)
at org.testng.TestNG.run(TestNG.java:1017)
at org.testng.remote.AbstractRemoteTestNG.run(AbstractRemoteTestNG.java:115)
at org.testng.remote.RemoteTestNG.initAndRun(RemoteTestNG.java:251)
at org.testng.remote.RemoteTestNG.main(RemoteTestNG.java:77)
]]>
            </full-stacktrace>
          </exception> <!-- java.lang.AssertionError -->
          <reporter-output>
          </reporter-output>
        </test-method> <!-- validateurl -->
      </class> <!-- test.Landingvalidation -->
    </test> <!-- ChromeTest -->
    <test started-at="2022-06-18T12:49:02Z" name="FirefoxExecution" finished-at="2022-06-18T12:49:07Z" duration-ms="4863">
      <class name="test.LoginValidations">
        <test-method is-config="true" signature="beforeTest(java.lang.String, java.lang.String)[pri:0, instance:test.LoginValidations@cecf639]" started-at="2022-06-18T12:49:02Z" name="beforeTest" finished-at="2022-06-18T12:49:06Z" duration-ms="4622" status="PASS">
          <params>
            <param index="0">
              <value>
                <![CDATA[firefox]]>
              </value>
            </param>
            <param index="1">
              <value>
                <![CDATA[https://www.facebook.com/]]>
              </value>
            </param>
          </params>
          <reporter-output>
          </reporter-output>
        </test-method> <!-- beforeTest -->
        <test-method is-config="true" signature="beforeclass()[pri:0, instance:test.LoginValidations@cecf639]" started-at="2022-06-18T12:49:06Z" name="beforeclass" finished-at="2022-06-18T12:49:06Z" duration-ms="1" status="PASS">
          <reporter-output>
          </reporter-output>
        </test-method> <!-- beforeclass -->
        <test-method signature="invalidUNandinValidPassword(java.lang.String, java.lang.String)[pri:0, instance:test.LoginValidations@cecf639]" started-at="2022-06-18T12:49:06Z" name="invalidUNandinValidPassword" finished-at="2022-06-18T12:49:07Z" duration-ms="219" status="PASS">
          <params>
            <param index="0">
              <value>
                <![CDATA[xyz@gmail.com]]>
              </value>
            </param>
            <param index="1">
              <value>
                <![CDATA[yut@345]]>
              </value>
            </param>
          </params>
          <reporter-output>
          </reporter-output>
        </test-method> <!-- invalidUNandinValidPassword -->
        <test-method is-config="true" signature="afterTest()[pri:0, instance:test.LoginValidations@cecf639]" started-at="2022-06-18T12:49:07Z" name="afterTest" finished-at="2022-06-18T12:49:08Z" duration-ms="1799" status="PASS">
          <reporter-output>
          </reporter-output>
        </test-method> <!-- afterTest -->
      </class> <!-- test.LoginValidations -->
      <class name="test.Landingvalidation">
        <test-method signature="validateurl()[pri:0, instance:test.Landingvalidation@1750fbeb]" started-at="2022-06-18T12:49:07Z" name="validateurl" finished-at="2022-06-18T12:49:07Z" duration-ms="12" status="PASS">
          <reporter-output>
          </reporter-output>
        </test-method> <!-- validateurl -->
        <test-method is-config="true" signature="calldriver()[pri:0, instance:test.Landingvalidation@1750fbeb]" started-at="2022-06-18T12:49:07Z" name="calldriver" finished-at="2022-06-18T12:49:07Z" duration-ms="0" status="PASS">
          <reporter-output>
          </reporter-output>
        </test-method> <!-- calldriver -->
      </class> <!-- test.Landingvalidation -->
    </test> <!-- FirefoxExecution -->
  </suite> <!-- Suite -->
</testng-results>
